<?xml version="1.0" encoding="UTF-8"?>
<!-- Generated by org.testng.reporters.JUnitXMLReporter -->
<testsuite ignored="0" hostname="DESKTOP-72BJ32R" failures="1" tests="1" name="Test" time="5.46" errors="0" timestamp="2024-03-09T21:50:19 IST">
  <testcase classname="hardikgoswami.main.main" name="runMethod" time="5.031">
    <failure type="java.lang.AssertionError" message="expected [true] but found [false]">
      <![CDATA[java.lang.AssertionError: expected [true] but found [false]
at hardikgoswami.main.main.runMethod(main.java:83)
at java.base/java.util.ArrayList.forEach(ArrayList.java:1511)
... Removed 31 stack frames]]>
    </failure>
  </testcase> <!-- runMethod -->
</testsuite> <!-- Test -->
