<?xml version="1.0" encoding="UTF-8"?>
<testng-results ignored="0" total="1" passed="1" failed="0" skipped="0">
  <reporter-output>
  </reporter-output>
  <suite started-at="2024-03-03T15:31:38 IST" name="Default suite" finished-at="2024-03-03T15:31:47 IST" duration-ms="9158">
    <groups>
    </groups>
    <test started-at="2024-03-03T15:31:38 IST" name="Default test" finished-at="2024-03-03T15:31:47 IST" duration-ms="9158">
      <class name="hardikgoswami.main.main">
        <test-method signature="submitOrder()[pri:0, instance:hardikgoswami.main.main@a38c7fe]" started-at="2024-03-03T15:31:38 IST" name="submitOrder" finished-at="2024-03-03T15:31:47 IST" duration-ms="9109" status="PASS">
          <reporter-output>
          </reporter-output>
        </test-method> <!-- submitOrder -->
      </class> <!-- hardikgoswami.main.main -->
    </test> <!-- Default test -->
  </suite> <!-- Default suite -->
</testng-results>
