<?xml version="1.0" encoding="UTF-8"?>
<testng-results ignored="0" total="1" passed="1" failed="0" skipped="0">
  <reporter-output>
  </reporter-output>
  <suite started-at="2024-03-10T21:41:03 IST" name="Default suite" finished-at="2024-03-10T21:41:17 IST" duration-ms="13694">
    <groups>
    </groups>
    <test started-at="2024-03-10T21:41:03 IST" name="Default test" finished-at="2024-03-10T21:41:17 IST" duration-ms="13694">
      <class name="hardikgoswami.main.main">
        <test-method signature="runMethod()[pri:0, instance:hardikgoswami.main.main@5d0a1059]" started-at="2024-03-10T21:41:03 IST" name="runMethod" finished-at="2024-03-10T21:41:17 IST" duration-ms="13655" status="PASS">
          <reporter-output>
          </reporter-output>
        </test-method> <!-- runMethod -->
      </class> <!-- hardikgoswami.main.main -->
    </test> <!-- Default test -->
  </suite> <!-- Default suite -->
</testng-results>
